<?xml version="1.0" encoding="UTF-8"?>
<!-- Generated by org.testng.reporters.JUnitReportReporter -->
<testsuite skipped="0" hostname="DESKTOP-3HUK4M9" name="mypack.Test1" tests="1" failures="0" timestamp="2021-07-29T18:25:48 IST" time="0.010" errors="0">
  <testcase name="method1" time="0.010" classname="mypack.Test1"/>
  <system-out/>
</testsuite> <!-- mypack.Test1 -->
