<?xml version="1.0" encoding="UTF-8"?>
<!-- Generated by org.testng.reporters.JUnitReportReporter -->
<testsuite hostname="DESKTOP-61MM6P5" failures="0" tests="1" name="tests.ComposeSikulix" time="50.877" errors="0" timestamp="2021-08-04T21:22:37 IST" skipped="0">
  <testcase classname="tests.ComposeSikulix" name="composeMail" time="50.877"/>
  <system-out/>
</testsuite> <!-- tests.ComposeSikulix -->
