<?xml version="1.0" encoding="UTF-8"?>
<!-- Generated by org.testng.reporters.JUnitReportReporter -->
<testsuite hostname="DESKTOP-61MM6P5" failures="0" tests="1" name="tests.ComposeMailViaAutoIt" time="37.041" errors="0" timestamp="2021-08-04T18:30:54 IST" skipped="0">
  <testcase classname="tests.ComposeMailViaAutoIt" name="composeMail" time="37.041"/>
  <system-out/>
</testsuite> <!-- tests.ComposeMailViaAutoIt -->
